<?xml version="1.0" encoding="UTF-8"?>
<!-- Generated by org.testng.reporters.JUnitXMLReporter -->
<testsuite hostname="DESKTOP-KDLC9BI" ignored="0" name="Title Validation test" tests="1" failures="1" timestamp="17 May 2019 08:41:58 GMT" time="2.956" errors="0">
  <testcase name="ValidateAppTitle" time="0.003" classname="Hiko.ValidateTitle">
    <failure type="java.io.FileNotFoundException" message="\src\main\java\resources\data.properties (The system cannot find the path specified)">
      <![CDATA[java.io.FileNotFoundException: \src\main\java\resources\data.properties (The system cannot find the path specified)
at java.io.FileInputStream.open0(Native Method)
at java.io.FileInputStream.open(Unknown Source)
at java.io.FileInputStream.<init>(Unknown Source)
at java.io.FileInputStream.<init>(Unknown Source)
at Hiko.ValidateTitle.ValidateAppTitle(ValidateTitle.java:28)
... Removed 25 stack frames]]>
    </failure>
  </testcase> <!-- ValidateAppTitle -->
</testsuite> <!-- Title Validation test -->
