<?xml version="1.0" encoding="UTF-8"?>
<testng-results skipped="0" failed="0" ignored="0" total="3" passed="3">
  <reporter-output>
  </reporter-output>
  <suite name="Suite" duration-ms="30787" started-at="2019-05-22T04:09:12Z" finished-at="2019-05-22T04:09:43Z">
    <groups>
    </groups>
    <test name="Home Page test" duration-ms="23175" started-at="2019-05-22T04:09:12Z" finished-at="2019-05-22T04:09:35Z">
      <class name="Hiko.HomePage">
        <test-method status="PASS" signature="Initialize()[pri:0, instance:Hiko.HomePage@351d00c0]" name="Initialize" is-config="true" duration-ms="3702" started-at="2019-05-22T04:09:12Z" finished-at="2019-05-22T04:09:15Z">
          <reporter-output>
          </reporter-output>
        </test-method> <!-- Initialize -->
        <test-method status="PASS" signature="LogInCheck(java.lang.String, java.lang.String, java.lang.String)[pri:0, instance:Hiko.HomePage@351d00c0]" name="LogInCheck" duration-ms="13275" started-at="2019-05-22T04:09:15Z" data-provider="getData" finished-at="2019-05-22T04:09:29Z">
          <params>
            <param index="0">
              <value>
                <![CDATA[abc.jk@gmail.com]]>
              </value>
            </param>
            <param index="1">
              <value>
                <![CDATA[vk678]]>
              </value>
            </param>
            <param index="2">
              <value>
                <![CDATA[Restricted User]]>
              </value>
            </param>
          </params>
          <reporter-output>
          </reporter-output>
        </test-method> <!-- LogInCheck -->
        <test-method status="PASS" signature="LogInCheck(java.lang.String, java.lang.String, java.lang.String)[pri:0, instance:Hiko.HomePage@351d00c0]" name="LogInCheck" duration-ms="6030" started-at="2019-05-22T04:09:29Z" data-provider="getData" finished-at="2019-05-22T04:09:35Z">
          <params>
            <param index="0">
              <value>
                <![CDATA[abc.gh@gmail.com]]>
              </value>
            </param>
            <param index="1">
              <value>
                <![CDATA[2kjhs3]]>
              </value>
            </param>
            <param index="2">
              <value>
                <![CDATA[Non Restricted User]]>
              </value>
            </param>
          </params>
          <reporter-output>
          </reporter-output>
        </test-method> <!-- LogInCheck -->
        <test-method status="PASS" signature="teardown()[pri:0, instance:Hiko.HomePage@351d00c0]" name="teardown" is-config="true" duration-ms="135" started-at="2019-05-22T04:09:35Z" finished-at="2019-05-22T04:09:35Z">
          <reporter-output>
          </reporter-output>
        </test-method> <!-- teardown -->
      </class> <!-- Hiko.HomePage -->
    </test> <!-- Home Page test -->
    <test name="Title Validation test" duration-ms="7582" started-at="2019-05-22T04:09:35Z" finished-at="2019-05-22T04:09:43Z">
      <class name="Hiko.ValidateTitle">
        <test-method status="PASS" signature="Initialize()[pri:0, instance:Hiko.ValidateTitle@7b98f307]" name="Initialize" is-config="true" duration-ms="2408" started-at="2019-05-22T04:09:35Z" finished-at="2019-05-22T04:09:37Z">
          <reporter-output>
          </reporter-output>
        </test-method> <!-- Initialize -->
        <test-method status="PASS" signature="ValidateAppTitle()[pri:0, instance:Hiko.ValidateTitle@7b98f307]" name="ValidateAppTitle" duration-ms="2990" started-at="2019-05-22T04:09:37Z" finished-at="2019-05-22T04:09:40Z">
          <reporter-output>
          </reporter-output>
        </test-method> <!-- ValidateAppTitle -->
        <test-method status="PASS" signature="teardown()[pri:0, instance:Hiko.ValidateTitle@7b98f307]" name="teardown" is-config="true" duration-ms="2180" started-at="2019-05-22T04:09:40Z" finished-at="2019-05-22T04:09:43Z">
          <reporter-output>
          </reporter-output>
        </test-method> <!-- teardown -->
      </class> <!-- Hiko.ValidateTitle -->
    </test> <!-- Title Validation test -->
  </suite> <!-- Suite -->
</testng-results>
