<?xml version="1.0" encoding="UTF-8"?>
<testng-results skipped="0" failed="0" ignored="0" total="3" passed="3">
  <reporter-output>
  </reporter-output>
  <suite name="Suite" duration-ms="56675" started-at="2019-05-17T08:21:16Z" finished-at="2019-05-17T08:22:13Z">
    <groups>
    </groups>
    <test name="Home Page test" duration-ms="31946" started-at="2019-05-17T08:21:16Z" finished-at="2019-05-17T08:21:48Z">
      <class name="Hiko.HomePage">
        <test-method status="PASS" signature="Initialize()[pri:0, instance:Hiko.HomePage@55183b20]" name="Initialize" is-config="true" duration-ms="3775" started-at="2019-05-17T08:21:16Z" finished-at="2019-05-17T08:21:20Z">
          <reporter-output>
          </reporter-output>
        </test-method> <!-- Initialize -->
        <test-method status="PASS" signature="LogInCheck(java.lang.String, java.lang.String, java.lang.String)[pri:0, instance:Hiko.HomePage@55183b20]" name="LogInCheck" duration-ms="22303" started-at="2019-05-17T08:21:20Z" data-provider="getData" finished-at="2019-05-17T08:21:42Z">
          <params>
            <param index="0">
              <value>
                <![CDATA[abc.jk@gmail.com]]>
              </value>
            </param>
            <param index="1">
              <value>
                <![CDATA[vk678]]>
              </value>
            </param>
            <param index="2">
              <value>
                <![CDATA[Restricted User]]>
              </value>
            </param>
          </params>
          <reporter-output>
          </reporter-output>
        </test-method> <!-- LogInCheck -->
        <test-method status="PASS" signature="LogInCheck(java.lang.String, java.lang.String, java.lang.String)[pri:0, instance:Hiko.HomePage@55183b20]" name="LogInCheck" duration-ms="5728" started-at="2019-05-17T08:21:42Z" data-provider="getData" finished-at="2019-05-17T08:21:48Z">
          <params>
            <param index="0">
              <value>
                <![CDATA[abc.gh@gmail.com]]>
              </value>
            </param>
            <param index="1">
              <value>
                <![CDATA[2kjhs3]]>
              </value>
            </param>
            <param index="2">
              <value>
                <![CDATA[Non Restricted User]]>
              </value>
            </param>
          </params>
          <reporter-output>
          </reporter-output>
        </test-method> <!-- LogInCheck -->
        <test-method status="PASS" signature="teardown()[pri:0, instance:Hiko.HomePage@55183b20]" name="teardown" is-config="true" duration-ms="105" started-at="2019-05-17T08:21:48Z" finished-at="2019-05-17T08:21:48Z">
          <reporter-output>
          </reporter-output>
        </test-method> <!-- teardown -->
      </class> <!-- Hiko.HomePage -->
    </test> <!-- Home Page test -->
    <test name="Title Validation test" duration-ms="24704" started-at="2019-05-17T08:21:48Z" finished-at="2019-05-17T08:22:13Z">
      <class name="Hiko.ValidateTitle">
        <test-method status="PASS" signature="Initialize()[pri:0, instance:Hiko.ValidateTitle@48f2bd5b]" name="Initialize" is-config="true" duration-ms="2263" started-at="2019-05-17T08:21:48Z" finished-at="2019-05-17T08:21:50Z">
          <reporter-output>
          </reporter-output>
        </test-method> <!-- Initialize -->
        <test-method status="PASS" signature="ValidateAppTitle()[pri:0, instance:Hiko.ValidateTitle@48f2bd5b]" name="ValidateAppTitle" duration-ms="22363" started-at="2019-05-17T08:21:50Z" finished-at="2019-05-17T08:22:12Z">
          <reporter-output>
          </reporter-output>
        </test-method> <!-- ValidateAppTitle -->
        <test-method status="PASS" signature="teardown()[pri:0, instance:Hiko.ValidateTitle@48f2bd5b]" name="teardown" is-config="true" duration-ms="75" started-at="2019-05-17T08:22:12Z" finished-at="2019-05-17T08:22:13Z">
          <reporter-output>
          </reporter-output>
        </test-method> <!-- teardown -->
      </class> <!-- Hiko.ValidateTitle -->
    </test> <!-- Title Validation test -->
  </suite> <!-- Suite -->
</testng-results>
